<?xml version="1.0" encoding="UTF-8"?>
<!-- Generated by org.testng.reporters.JUnitXMLReporter -->
<testsuite hostname="SRK" ignored="0" name="Default test" tests="2" failures="0" timestamp="2020-08-22T18:52:57 IST" time="25.024" errors="0">
  <testcase name="createCustomerTest" time="11.604" classname="com.naveen.testcases.ActiveProjectsCustomersTest"/>
  <testcase name="deleteCustomer" time="11.015" classname="com.naveen.testcases.ActiveProjectsCustomersTest"/>
</testsuite> <!-- Default test -->
