<?xml version="1.0" encoding="UTF-8"?>
<!-- Generated by org.testng.reporters.JUnitXMLReporter -->
<testsuite hostname="SRK" ignored="8" name="Test" tests="7" failures="0" timestamp="2020-08-22T18:55:38 IST" time="45.718" errors="0">
  <testcase name="verifyLoginPageTitleTest" time="0.025" classname="com.naveen.testcases.LoginTest"/>
  <testcase name="verifyLoginPageHeaderTest" time="0.056" classname="com.naveen.testcases.LoginTest"/>
  <testcase name="doLoginTest" time="6.665" classname="com.naveen.testcases.LoginTest"/>
  <testcase name="verfiyHomePageTitle" time="6.602" classname="com.naveen.testcases.HomePageTest"/>
  <testcase name="verifyHomePageHeader" time="6.571" classname="com.naveen.testcases.HomePageTest"/>
  <testcase name="createCustomerTest" time="11.098" classname="com.naveen.testcases.ActiveProjectsCustomersTest"/>
  <testcase name="deleteCustomer" time="11.022" classname="com.naveen.testcases.ActiveProjectsCustomersTest"/>
  <testcase name="@BeforeTest initTCReport" time="0.0" classname="com.naveen.tests.BaseEngine">
    <ignored/>
  </testcase> <!-- @BeforeTest initTCReport -->
  <testcase name="@BeforeTest initTCReport" time="0.0" classname="com.naveen.tests.BaseEngine">
    <ignored/>
  </testcase> <!-- @BeforeTest initTCReport -->
  <testcase name="@AfterSuite closeBroswer" time="0.0" classname="com.naveen.tests.BaseEngine">
    <ignored/>
  </testcase> <!-- @AfterSuite closeBroswer -->
  <testcase name="@AfterSuite closeBroswer" time="0.0" classname="com.naveen.tests.BaseEngine">
    <ignored/>
  </testcase> <!-- @AfterSuite closeBroswer -->
  <testcase name="@BeforeSuite openBrowser" time="0.0" classname="com.naveen.tests.BaseEngine">
    <ignored/>
  </testcase> <!-- @BeforeSuite openBrowser -->
  <testcase name="@BeforeSuite openBrowser" time="0.0" classname="com.naveen.tests.BaseEngine">
    <ignored/>
  </testcase> <!-- @BeforeSuite openBrowser -->
  <testcase name="@AfterTest generateReports" time="0.0" classname="com.naveen.tests.BaseEngine">
    <ignored/>
  </testcase> <!-- @AfterTest generateReports -->
  <testcase name="@AfterTest generateReports" time="0.0" classname="com.naveen.tests.BaseEngine">
    <ignored/>
  </testcase> <!-- @AfterTest generateReports -->
</testsuite> <!-- Test -->
