<?xml version="1.0" encoding="UTF-8"?>
<testng-results skipped="0" failed="0" ignored="8" total="15" passed="7">
  <reporter-output>
  </reporter-output>
  <suite name="Acti Time Login Suite" duration-ms="47008" started-at="2020-08-22T18:58:44 IST" finished-at="2020-08-22T18:59:31 IST">
    <groups>
    </groups>
    <test name="Test" duration-ms="47008" started-at="2020-08-22T18:58:44 IST" finished-at="2020-08-22T18:59:31 IST">
      <class name="com.naveen.testcases.HomePageTest">
        <test-method status="PASS" signature="beforeTestcaseExecution(java.lang.reflect.Method)[pri:0, instance:com.naveen.testcases.HomePageTest@1dfe2924]" name="beforeTestcaseExecution" is-config="true" duration-ms="130" started-at="2020-08-22T18:58:54 IST" finished-at="2020-08-22T18:58:54 IST">
          <params>
            <param index="0">
              <value>
                <![CDATA[public void com.naveen.testcases.HomePageTest.verfiyHomePageTitle()]]>
              </value>
            </param>
          </params>
          <reporter-output>
          </reporter-output>
        </test-method> <!-- beforeTestcaseExecution -->
        <test-method status="PASS" signature="verfiyHomePageTitle()[pri:1, instance:com.naveen.testcases.HomePageTest@1dfe2924]" name="verfiyHomePageTitle" duration-ms="6599" started-at="2020-08-22T18:58:54 IST" finished-at="2020-08-22T18:59:01 IST">
          <reporter-output>
          </reporter-output>
        </test-method> <!-- verfiyHomePageTitle -->
        <test-method status="PASS" signature="afterTestCase(org.testng.ITestResult)[pri:0, instance:com.naveen.testcases.HomePageTest@1dfe2924]" name="afterTestCase" is-config="true" duration-ms="149" started-at="2020-08-22T18:59:01 IST" finished-at="2020-08-22T18:59:01 IST">
          <params>
            <param index="0">
              <value>
                <![CDATA[[TestResult name=verfiyHomePageTitle status=SUCCESS method=HomePageTest.verfiyHomePageTitle()[pri:1, instance:com.naveen.testcases.HomePageTest@1dfe2924] output={null}]]]>
              </value>
            </param>
          </params>
          <reporter-output>
          </reporter-output>
        </test-method> <!-- afterTestCase -->
        <test-method status="PASS" signature="beforeTestcaseExecution(java.lang.reflect.Method)[pri:0, instance:com.naveen.testcases.HomePageTest@1dfe2924]" name="beforeTestcaseExecution" is-config="true" duration-ms="124" started-at="2020-08-22T18:59:01 IST" finished-at="2020-08-22T18:59:01 IST">
          <params>
            <param index="0">
              <value>
                <![CDATA[public void com.naveen.testcases.HomePageTest.verifyHomePageHeader()]]>
              </value>
            </param>
          </params>
          <reporter-output>
          </reporter-output>
        </test-method> <!-- beforeTestcaseExecution -->
        <test-method status="PASS" signature="verifyHomePageHeader()[pri:2, instance:com.naveen.testcases.HomePageTest@1dfe2924]" name="verifyHomePageHeader" duration-ms="6751" started-at="2020-08-22T18:59:01 IST" finished-at="2020-08-22T18:59:08 IST">
          <reporter-output>
          </reporter-output>
        </test-method> <!-- verifyHomePageHeader -->
        <test-method status="PASS" signature="afterTestCase(org.testng.ITestResult)[pri:0, instance:com.naveen.testcases.HomePageTest@1dfe2924]" name="afterTestCase" is-config="true" duration-ms="143" started-at="2020-08-22T18:59:08 IST" finished-at="2020-08-22T18:59:08 IST">
          <params>
            <param index="0">
              <value>
                <![CDATA[[TestResult name=verifyHomePageHeader status=SUCCESS method=HomePageTest.verifyHomePageHeader()[pri:2, instance:com.naveen.testcases.HomePageTest@1dfe2924] output={null}]]]>
              </value>
            </param>
          </params>
          <reporter-output>
          </reporter-output>
        </test-method> <!-- afterTestCase -->
      </class> <!-- com.naveen.testcases.HomePageTest -->
      <class name="com.naveen.testcases.LoginTest">
        <test-method status="PASS" signature="openBrowser(java.lang.String)[pri:0, instance:com.naveen.testcases.LoginTest@35d176f7]" name="openBrowser" is-config="true" duration-ms="11514" started-at="2020-08-22T18:58:33 IST" finished-at="2020-08-22T18:58:44 IST">
          <params>
            <param index="0">
              <value>
                <![CDATA[chrome]]>
              </value>
            </param>
          </params>
          <reporter-output>
          </reporter-output>
        </test-method> <!-- openBrowser -->
        <test-method status="PASS" signature="initTCReport()[pri:0, instance:com.naveen.testcases.LoginTest@35d176f7]" name="initTCReport" is-config="true" duration-ms="184" started-at="2020-08-22T18:58:44 IST" finished-at="2020-08-22T18:58:45 IST">
          <reporter-output>
          </reporter-output>
        </test-method> <!-- initTCReport -->
        <test-method status="PASS" signature="beforeTestcaseExecution(java.lang.reflect.Method)[pri:0, instance:com.naveen.testcases.LoginTest@35d176f7]" name="beforeTestcaseExecution" is-config="true" duration-ms="1622" started-at="2020-08-22T18:58:45 IST" finished-at="2020-08-22T18:58:46 IST">
          <params>
            <param index="0">
              <value>
                <![CDATA[public void com.naveen.testcases.LoginTest.verifyLoginPageTitleTest()]]>
              </value>
            </param>
          </params>
          <reporter-output>
          </reporter-output>
        </test-method> <!-- beforeTestcaseExecution -->
        <test-method status="PASS" signature="verifyLoginPageTitleTest()[pri:1, instance:com.naveen.testcases.LoginTest@35d176f7]" name="verifyLoginPageTitleTest" duration-ms="16" started-at="2020-08-22T18:58:46 IST" finished-at="2020-08-22T18:58:46 IST">
          <reporter-output>
          </reporter-output>
        </test-method> <!-- verifyLoginPageTitleTest -->
        <test-method status="PASS" signature="afterTestCase(org.testng.ITestResult)[pri:0, instance:com.naveen.testcases.LoginTest@35d176f7]" name="afterTestCase" is-config="true" duration-ms="163" started-at="2020-08-22T18:58:46 IST" finished-at="2020-08-22T18:58:47 IST">
          <params>
            <param index="0">
              <value>
                <![CDATA[[TestResult name=verifyLoginPageTitleTest status=SUCCESS method=LoginTest.verifyLoginPageTitleTest()[pri:1, instance:com.naveen.testcases.LoginTest@35d176f7] output={null}]]]>
              </value>
            </param>
          </params>
          <reporter-output>
          </reporter-output>
        </test-method> <!-- afterTestCase -->
        <test-method status="PASS" signature="beforeTestcaseExecution(java.lang.reflect.Method)[pri:0, instance:com.naveen.testcases.LoginTest@35d176f7]" name="beforeTestcaseExecution" is-config="true" duration-ms="132" started-at="2020-08-22T18:58:47 IST" finished-at="2020-08-22T18:58:47 IST">
          <params>
            <param index="0">
              <value>
                <![CDATA[public void com.naveen.testcases.LoginTest.verifyLoginPageHeaderTest()]]>
              </value>
            </param>
          </params>
          <reporter-output>
          </reporter-output>
        </test-method> <!-- beforeTestcaseExecution -->
        <test-method status="PASS" signature="verifyLoginPageHeaderTest()[pri:2, instance:com.naveen.testcases.LoginTest@35d176f7]" name="verifyLoginPageHeaderTest" duration-ms="60" started-at="2020-08-22T18:58:47 IST" finished-at="2020-08-22T18:58:47 IST">
          <reporter-output>
          </reporter-output>
        </test-method> <!-- verifyLoginPageHeaderTest -->
        <test-method status="PASS" signature="afterTestCase(org.testng.ITestResult)[pri:0, instance:com.naveen.testcases.LoginTest@35d176f7]" name="afterTestCase" is-config="true" duration-ms="137" started-at="2020-08-22T18:58:47 IST" finished-at="2020-08-22T18:58:47 IST">
          <params>
            <param index="0">
              <value>
                <![CDATA[[TestResult name=verifyLoginPageHeaderTest status=SUCCESS method=LoginTest.verifyLoginPageHeaderTest()[pri:2, instance:com.naveen.testcases.LoginTest@35d176f7] output={null}]]]>
              </value>
            </param>
          </params>
          <reporter-output>
          </reporter-output>
        </test-method> <!-- afterTestCase -->
        <test-method status="PASS" signature="beforeTestcaseExecution(java.lang.reflect.Method)[pri:0, instance:com.naveen.testcases.LoginTest@35d176f7]" name="beforeTestcaseExecution" is-config="true" duration-ms="167" started-at="2020-08-22T18:58:47 IST" finished-at="2020-08-22T18:58:47 IST">
          <params>
            <param index="0">
              <value>
                <![CDATA[public void com.naveen.testcases.LoginTest.doLoginTest()]]>
              </value>
            </param>
          </params>
          <reporter-output>
          </reporter-output>
        </test-method> <!-- beforeTestcaseExecution -->
        <test-method status="PASS" signature="doLoginTest()[pri:3, instance:com.naveen.testcases.LoginTest@35d176f7]" name="doLoginTest" duration-ms="6661" started-at="2020-08-22T18:58:47 IST" finished-at="2020-08-22T18:58:54 IST">
          <reporter-output>
          </reporter-output>
        </test-method> <!-- doLoginTest -->
        <test-method status="PASS" signature="afterTestCase(org.testng.ITestResult)[pri:0, instance:com.naveen.testcases.LoginTest@35d176f7]" name="afterTestCase" is-config="true" duration-ms="128" started-at="2020-08-22T18:58:54 IST" finished-at="2020-08-22T18:58:54 IST">
          <params>
            <param index="0">
              <value>
                <![CDATA[[TestResult name=doLoginTest status=SUCCESS method=LoginTest.doLoginTest()[pri:3, instance:com.naveen.testcases.LoginTest@35d176f7] output={null}]]]>
              </value>
            </param>
          </params>
          <reporter-output>
          </reporter-output>
        </test-method> <!-- afterTestCase -->
        <test-method status="PASS" signature="generateReports()[pri:0, instance:com.naveen.testcases.LoginTest@35d176f7]" name="generateReports" is-config="true" duration-ms="446" started-at="2020-08-22T18:59:31 IST" finished-at="2020-08-22T18:59:31 IST">
          <reporter-output>
          </reporter-output>
        </test-method> <!-- generateReports -->
        <test-method status="PASS" signature="closeBroswer()[pri:0, instance:com.naveen.testcases.LoginTest@35d176f7]" name="closeBroswer" is-config="true" duration-ms="658" started-at="2020-08-22T18:59:32 IST" finished-at="2020-08-22T18:59:32 IST">
          <reporter-output>
          </reporter-output>
        </test-method> <!-- closeBroswer -->
      </class> <!-- com.naveen.testcases.LoginTest -->
      <class name="com.naveen.testcases.ActiveProjectsCustomersTest">
        <test-method status="PASS" signature="beforeTestcaseExecution(java.lang.reflect.Method)[pri:0, instance:com.naveen.testcases.ActiveProjectsCustomersTest@6ebc05a6]" name="beforeTestcaseExecution" is-config="true" duration-ms="161" started-at="2020-08-22T18:59:08 IST" finished-at="2020-08-22T18:59:08 IST">
          <params>
            <param index="0">
              <value>
                <![CDATA[public void com.naveen.testcases.ActiveProjectsCustomersTest.createCustomerTest()]]>
              </value>
            </param>
          </params>
          <reporter-output>
          </reporter-output>
        </test-method> <!-- beforeTestcaseExecution -->
        <test-method status="PASS" signature="createCustomerTest()[pri:0, instance:com.naveen.testcases.ActiveProjectsCustomersTest@6ebc05a6]" name="createCustomerTest" duration-ms="11740" started-at="2020-08-22T18:59:08 IST" finished-at="2020-08-22T18:59:20 IST">
          <reporter-output>
          </reporter-output>
        </test-method> <!-- createCustomerTest -->
        <test-method status="PASS" signature="afterTestCase(org.testng.ITestResult)[pri:0, instance:com.naveen.testcases.ActiveProjectsCustomersTest@6ebc05a6]" name="afterTestCase" is-config="true" duration-ms="144" started-at="2020-08-22T18:59:20 IST" finished-at="2020-08-22T18:59:20 IST">
          <params>
            <param index="0">
              <value>
                <![CDATA[[TestResult name=createCustomerTest status=SUCCESS method=ActiveProjectsCustomersTest.createCustomerTest()[pri:0, instance:com.naveen.testcases.ActiveProjectsCustomersTest@6ebc05a6] output={null}]]]>
              </value>
            </param>
          </params>
          <reporter-output>
          </reporter-output>
        </test-method> <!-- afterTestCase -->
        <test-method status="PASS" signature="beforeTestcaseExecution(java.lang.reflect.Method)[pri:0, instance:com.naveen.testcases.ActiveProjectsCustomersTest@6ebc05a6]" name="beforeTestcaseExecution" is-config="true" duration-ms="115" started-at="2020-08-22T18:59:20 IST" finished-at="2020-08-22T18:59:20 IST">
          <params>
            <param index="0">
              <value>
                <![CDATA[public void com.naveen.testcases.ActiveProjectsCustomersTest.deleteCustomer()]]>
              </value>
            </param>
          </params>
          <reporter-output>
          </reporter-output>
        </test-method> <!-- beforeTestcaseExecution -->
        <test-method status="PASS" signature="deleteCustomer()[pri:0, instance:com.naveen.testcases.ActiveProjectsCustomersTest@6ebc05a6]" name="deleteCustomer" duration-ms="11102" started-at="2020-08-22T18:59:20 IST" finished-at="2020-08-22T18:59:31 IST">
          <reporter-output>
          </reporter-output>
        </test-method> <!-- deleteCustomer -->
        <test-method status="PASS" signature="afterTestCase(org.testng.ITestResult)[pri:0, instance:com.naveen.testcases.ActiveProjectsCustomersTest@6ebc05a6]" name="afterTestCase" is-config="true" duration-ms="79" started-at="2020-08-22T18:59:31 IST" finished-at="2020-08-22T18:59:31 IST">
          <params>
            <param index="0">
              <value>
                <![CDATA[[TestResult name=deleteCustomer status=SUCCESS method=ActiveProjectsCustomersTest.deleteCustomer()[pri:0, instance:com.naveen.testcases.ActiveProjectsCustomersTest@6ebc05a6] output={null}]]]>
              </value>
            </param>
          </params>
          <reporter-output>
          </reporter-output>
        </test-method> <!-- afterTestCase -->
      </class> <!-- com.naveen.testcases.ActiveProjectsCustomersTest -->
    </test> <!-- Test -->
  </suite> <!-- Acti Time Login Suite -->
</testng-results>
