<?xml version="1.0" encoding="UTF-8"?>
<testsuite xmlns:xsi="http://www.w3.org/2001/XMLSchema-instance" xsi:noNamespaceSchemaLocation="https://maven.apache.org/surefire/maven-surefire-plugin/xsd/surefire-test-report.xsd" name="TestSuite" time="60.106" tests="7" errors="0" skipped="0" failures="0">
  <properties>
[...]
</properties>
  <testcase name="verifyLoginPageTitleTest" classname="com.naveen.testcases.LoginTest" time="0.019"/>
  <testcase name="verifyLoginPageHeaderTest" classname="com.naveen.testcases.LoginTest" time="0.054"/>
  <testcase name="doLoginTest" classname="com.naveen.testcases.LoginTest" time="6.557"/>
  <testcase name="verfiyHomePageTitle" classname="com.naveen.testcases.HomePageTest" time="6.6"/>
  <testcase name="verifyHomePageHeader" classname="com.naveen.testcases.HomePageTest" time="6.756"/>
  <testcase name="createCustomerTest" classname="com.naveen.testcases.ActiveProjectsCustomersTest" time="11.591"/>
  <testcase name="deleteCustomer" classname="com.naveen.testcases.ActiveProjectsCustomersTest" time="11.103"/>
</testsuite>