<?xml version="1.0" encoding="UTF-8"?>
<!-- Generated by org.testng.reporters.JUnitXMLReporter -->
<testsuite hostname="SRK" ignored="8" name="Test" tests="7" failures="0" timestamp="2020-08-22T18:59:32 IST" time="47.008" errors="0">
  <testcase name="verifyLoginPageTitleTest" time="0.016" classname="com.naveen.testcases.LoginTest"/>
  <testcase name="verifyLoginPageHeaderTest" time="0.06" classname="com.naveen.testcases.LoginTest"/>
  <testcase name="doLoginTest" time="6.661" classname="com.naveen.testcases.LoginTest"/>
  <testcase name="verfiyHomePageTitle" time="6.599" classname="com.naveen.testcases.HomePageTest"/>
  <testcase name="verifyHomePageHeader" time="6.751" classname="com.naveen.testcases.HomePageTest"/>
  <testcase name="createCustomerTest" time="11.74" classname="com.naveen.testcases.ActiveProjectsCustomersTest"/>
  <testcase name="deleteCustomer" time="11.102" classname="com.naveen.testcases.ActiveProjectsCustomersTest"/>
  <testcase name="@BeforeTest initTCReport" time="0.0" classname="com.naveen.tests.BaseEngine">
    <ignored/>
  </testcase> <!-- @BeforeTest initTCReport -->
  <testcase name="@BeforeTest initTCReport" time="0.0" classname="com.naveen.tests.BaseEngine">
    <ignored/>
  </testcase> <!-- @BeforeTest initTCReport -->
  <testcase name="@AfterSuite closeBroswer" time="0.0" classname="com.naveen.tests.BaseEngine">
    <ignored/>
  </testcase> <!-- @AfterSuite closeBroswer -->
  <testcase name="@AfterSuite closeBroswer" time="0.0" classname="com.naveen.tests.BaseEngine">
    <ignored/>
  </testcase> <!-- @AfterSuite closeBroswer -->
  <testcase name="@BeforeSuite openBrowser" time="0.0" classname="com.naveen.tests.BaseEngine">
    <ignored/>
  </testcase> <!-- @BeforeSuite openBrowser -->
  <testcase name="@BeforeSuite openBrowser" time="0.0" classname="com.naveen.tests.BaseEngine">
    <ignored/>
  </testcase> <!-- @BeforeSuite openBrowser -->
  <testcase name="@AfterTest generateReports" time="0.0" classname="com.naveen.tests.BaseEngine">
    <ignored/>
  </testcase> <!-- @AfterTest generateReports -->
  <testcase name="@AfterTest generateReports" time="0.0" classname="com.naveen.tests.BaseEngine">
    <ignored/>
  </testcase> <!-- @AfterTest generateReports -->
</testsuite> <!-- Test -->
